2018-10-14 22:09:54,998 ERROR: Exception on /search [GET] [in c:\users\mr. isaac\documents\macroblog\swahilipot\lib\site-packages\flask\app.py:1761]
Traceback (most recent call last):
  File "c:\users\mr. isaac\documents\macroblog\swahilipot\lib\site-packages\urllib3\connection.py", line 171, in _new_conn
    (self._dns_host, self.port), self.timeout, **extra_kw)
  File "c:\users\mr. isaac\documents\macroblog\swahilipot\lib\site-packages\urllib3\util\connection.py", line 79, in create_connection
    raise err
  File "c:\users\mr. isaac\documents\macroblog\swahilipot\lib\site-packages\urllib3\util\connection.py", line 69, in create_connection
    sock.connect(sa)
ConnectionRefusedError: [WinError 10061] No connection could be made because the target machine actively refused it

During handling of the above exception, another exception occurred:

Traceback (most recent call last):
  File "c:\users\mr. isaac\documents\macroblog\swahilipot\lib\site-packages\elasticsearch\connection\http_urllib3.py", line 172, in perform_request
    response = self.pool.urlopen(method, url, body, retries=Retry(False), headers=request_headers, **kw)
  File "c:\users\mr. isaac\documents\macroblog\swahilipot\lib\site-packages\urllib3\connectionpool.py", line 638, in urlopen
    _stacktrace=sys.exc_info()[2])
  File "c:\users\mr. isaac\documents\macroblog\swahilipot\lib\site-packages\urllib3\util\retry.py", line 343, in increment
    raise six.reraise(type(error), error, _stacktrace)
  File "c:\users\mr. isaac\documents\macroblog\swahilipot\lib\site-packages\urllib3\packages\six.py", line 686, in reraise
    raise value
  File "c:\users\mr. isaac\documents\macroblog\swahilipot\lib\site-packages\urllib3\connectionpool.py", line 600, in urlopen
    chunked=chunked)
  File "c:\users\mr. isaac\documents\macroblog\swahilipot\lib\site-packages\urllib3\connectionpool.py", line 354, in _make_request
    conn.request(method, url, **httplib_request_kw)
  File "C:\Users\Mr. Isaac\Anaconda3\lib\http\client.py", line 1239, in request
    self._send_request(method, url, body, headers, encode_chunked)
  File "C:\Users\Mr. Isaac\Anaconda3\lib\http\client.py", line 1285, in _send_request
    self.endheaders(body, encode_chunked=encode_chunked)
  File "C:\Users\Mr. Isaac\Anaconda3\lib\http\client.py", line 1234, in endheaders
    self._send_output(message_body, encode_chunked=encode_chunked)
  File "C:\Users\Mr. Isaac\Anaconda3\lib\http\client.py", line 1026, in _send_output
    self.send(msg)
  File "C:\Users\Mr. Isaac\Anaconda3\lib\http\client.py", line 964, in send
    self.connect()
  File "c:\users\mr. isaac\documents\macroblog\swahilipot\lib\site-packages\urllib3\connection.py", line 196, in connect
    conn = self._new_conn()
  File "c:\users\mr. isaac\documents\macroblog\swahilipot\lib\site-packages\urllib3\connection.py", line 180, in _new_conn
    self, "Failed to establish a new connection: %s" % e)
urllib3.exceptions.NewConnectionError: <urllib3.connection.HTTPConnection object at 0x00000000057E3940>: Failed to establish a new connection: [WinError 10061] No connection could be made because the target machine actively refused it

During handling of the above exception, another exception occurred:

Traceback (most recent call last):
  File "c:\users\mr. isaac\documents\macroblog\swahilipot\lib\site-packages\flask\app.py", line 2292, in wsgi_app
    response = self.full_dispatch_request()
  File "c:\users\mr. isaac\documents\macroblog\swahilipot\lib\site-packages\flask\app.py", line 1815, in full_dispatch_request
    rv = self.handle_user_exception(e)
  File "c:\users\mr. isaac\documents\macroblog\swahilipot\lib\site-packages\flask\app.py", line 1718, in handle_user_exception
    reraise(exc_type, exc_value, tb)
  File "c:\users\mr. isaac\documents\macroblog\swahilipot\lib\site-packages\flask\_compat.py", line 35, in reraise
    raise value
  File "c:\users\mr. isaac\documents\macroblog\swahilipot\lib\site-packages\flask\app.py", line 1813, in full_dispatch_request
    rv = self.dispatch_request()
  File "c:\users\mr. isaac\documents\macroblog\swahilipot\lib\site-packages\flask\app.py", line 1799, in dispatch_request
    return self.view_functions[rule.endpoint](**req.view_args)
  File "c:\users\mr. isaac\documents\macroblog\swahilipot\lib\site-packages\flask_login\utils.py", line 261, in decorated_view
    return func(*args, **kwargs)
  File "C:\Users\Mr. Isaac\Documents\macroblog\app\main\routes.py", line 145, in search
    current_app.config['POSTS_PER_PAGE'])
  File "C:\Users\Mr. Isaac\Documents\macroblog\app\models.py", line 13, in search
    ids, total = query_index(cls.__tablename__, expression, page, per_page)
  File "C:\Users\Mr. Isaac\Documents\macroblog\app\search.py", line 23, in query_index
    'from': (page - 1) * per_page, 'size': per_page})
  File "c:\users\mr. isaac\documents\macroblog\swahilipot\lib\site-packages\elasticsearch\client\utils.py", line 76, in _wrapped
    return func(*args, params=params, **kwargs)
  File "c:\users\mr. isaac\documents\macroblog\swahilipot\lib\site-packages\elasticsearch\client\__init__.py", line 660, in search
    doc_type, '_search'), params=params, body=body)
  File "c:\users\mr. isaac\documents\macroblog\swahilipot\lib\site-packages\elasticsearch\transport.py", line 318, in perform_request
    status, headers_response, data = connection.perform_request(method, url, params, body, headers=headers, ignore=ignore, timeout=timeout)
  File "c:\users\mr. isaac\documents\macroblog\swahilipot\lib\site-packages\elasticsearch\connection\http_urllib3.py", line 181, in perform_request
    raise ConnectionError('N/A', str(e), e)
elasticsearch.exceptions.ConnectionError: ConnectionError(<urllib3.connection.HTTPConnection object at 0x00000000057E3940>: Failed to establish a new connection: [WinError 10061] No connection could be made because the target machine actively refused it) caused by: NewConnectionError(<urllib3.connection.HTTPConnection object at 0x00000000057E3940>: Failed to establish a new connection: [WinError 10061] No connection could be made because the target machine actively refused it)
2018-10-14 23:53:09,344 INFO: Microblog startup [in C:\Users\Mr. Isaac\Documents\macroblog\app\__init__.py:75]
2018-10-15 01:59:44,823 INFO: Microblog startup [in C:\Users\Mr. Isaac\Documents\macroblog\app\__init__.py:81]
2018-10-15 02:10:22,220 INFO: Microblog startup [in C:\Users\Mr. Isaac\Documents\macroblog\app\__init__.py:81]
